<?xml version="1.0" encoding="UTF-8"?>
<!-- Generated by org.testng.reporters.JUnitReportReporter -->
<testsuite skipped="0" hostname="bhajandevi" name="loginTests.ComparisionTC" tests="1" failures="0" timestamp="24 Sep 2021 07:19:22 GMT" time="0.004" errors="0">
  <testcase name="checkingComparision" time="0.004" classname="loginTests.ComparisionTC"/>
</testsuite> <!-- loginTests.ComparisionTC -->
