<?xml version="1.0" encoding="UTF-8"?>
<!-- Generated by org.testng.reporters.JUnitReportReporter -->
<testsuite skipped="0" hostname="bhajandevi" name="loginTests.UdemyLogin" tests="1" failures="0" timestamp="27 Sep 2021 06:22:03 GMT" time="14.238" errors="0">
  <testcase name="doLogin" time="14.238" classname="loginTests.UdemyLogin"/>
</testsuite> <!-- loginTests.UdemyLogin -->
