<?xml version="1.0" encoding="UTF-8"?>
<!-- Generated by org.testng.reporters.JUnitReportReporter -->
<testsuite skipped="0" hostname="bhajandevi" name="loginTests.ComparisionTC" tests="1" failures="0" timestamp="27 Sep 2021 05:36:18 GMT" time="0.000" errors="0">
  <testcase name="checkingComparision" time="0.000" classname="loginTests.ComparisionTC"/>
</testsuite> <!-- loginTests.ComparisionTC -->
