<?xml version="1.0" encoding="UTF-8"?>
<!-- Generated by org.testng.reporters.JUnitReportReporter -->
<testsuite skipped="0" hostname="bhajandevi" name="loginTests.AppTest" tests="2" failures="0" timestamp="27 Sep 2021 05:36:18 GMT" time="0.054" errors="0">
  <testcase name="invalidLoginTest" time="0.052" classname="loginTests.AppTest"/>
  <testcase name="validLoginTest" time="0.002" classname="loginTests.AppTest"/>
</testsuite> <!-- loginTests.AppTest -->
